This is XeTeX, Version 3.1415926-2.4-0.9998 (TeX Live 2012) (format=xelatex 2013.1.2)  3 MAR 2013 13:06
entering extended mode
 restricted \write18 enabled.
 %&-line parsing enabled.
**book.
(/usr/local/texlive/2012/texmf-dist/tex/latex/tools/q.tex
LaTeX2e <2011/06/27>
Babel <v3.8m> and hyphenation patterns for english, dumylang, nohyphenation, uk
english, usenglishmax, loaded.
File ignored
)
! Emergency stop.
<*> book.
         
*** (job aborted, no legal \end found)

 
Here is how much of TeX's memory you used:
 7 strings out of 495673
 174 string characters out of 3187379
 45230 words of memory out of 3000000
 3252 multiletter control sequences out of 15000+200000
 3640 words of font info for 14 fonts, out of 3000000 for 9000
 36 hyphenation exceptions out of 8191
 5i,0n,1p,85b,8s stack positions out of 5000i,500n,10000p,200000b,50000s
No pages of output.
